<?xml version="1.0" encoding="utf-8"?>
<TestRun id="a8c75322-f03a-443b-995a-aaeec1ca2398" name="cholw@CHOL 2025-06-11 11:20:04" runUser="CHOL\cholw" xmlns="http://microsoft.com/schemas/VisualStudio/TeamTest/2010">
  <Times creation="2025-06-11T11:20:04.2014089+07:00" queuing="2025-06-11T11:20:04.2014093+07:00" start="2025-06-11T11:19:54.5566704+07:00" finish="2025-06-11T11:20:04.2053894+07:00" />
  <TestSettings name="default" id="02f07220-b276-40cb-b7a4-1dc1e5909d1e">
    <Deployment runDeploymentRoot="cholw_CHOL_2025-06-11_11_20_04" />
  </TestSettings>
  <Results>
    <UnitTestResult executionId="7573e02b-3ae2-4f2b-9b75-0dc91ac9a532" testId="a6ea916a-7c1e-9755-ac92-16c7aca19b4f" testName="WebApiProject.Tests.ProductsControllerTests.AddProduct_ReturnsCreatedProduct" computerName="CHOL" duration="00:00:00.0017970" startTime="2025-06-11T11:20:04.1259109+07:00" endTime="2025-06-11T11:20:04.1259110+07:00" testType="13cdc9d9-ddb5-4fa4-a97d-d965ccfc6d4b" outcome="Passed" testListId="8c84fa94-04c1-424b-9868-57a2d4851a1d" relativeResultsDirectory="7573e02b-3ae2-4f2b-9b75-0dc91ac9a532" />
    <UnitTestResult executionId="3c5a8ad5-f992-4abc-94f5-aac7c8f6b031" testId="8bdc3dec-00f1-a8b2-b9c5-24f6df0a61e5" testName="WebApiProject.Tests.HealthControllerTests.GetHealth_ReturnsOk" computerName="CHOL" duration="00:00:00.0026592" startTime="2025-06-11T11:20:03.7915856+07:00" endTime="2025-06-11T11:20:03.7915966+07:00" testType="13cdc9d9-ddb5-4fa4-a97d-d965ccfc6d4b" outcome="Passed" testListId="8c84fa94-04c1-424b-9868-57a2d4851a1d" relativeResultsDirectory="3c5a8ad5-f992-4abc-94f5-aac7c8f6b031" />
    <UnitTestResult executionId="4aff2ac2-f6fa-4601-8050-8f99268aee7b" testId="b3fec758-35ae-e825-ceaa-ea2bf09593ce" testName="WebApiProject.Tests.ProductsControllerTests.GetProduct_ReturnsProduct_WhenFound" computerName="CHOL" duration="00:00:00.0056540" startTime="2025-06-11T11:20:04.1317230+07:00" endTime="2025-06-11T11:20:04.1317231+07:00" testType="13cdc9d9-ddb5-4fa4-a97d-d965ccfc6d4b" outcome="Passed" testListId="8c84fa94-04c1-424b-9868-57a2d4851a1d" relativeResultsDirectory="4aff2ac2-f6fa-4601-8050-8f99268aee7b" />
    <UnitTestResult executionId="b7093944-0f01-4353-b937-470165bbd6d6" testId="2286f8ef-0d2e-51cd-04b5-93c06bd5d697" testName="WebApiProject.Tests.ProductsControllerTests.UpdateProduct_ReturnsNoContent_WhenSuccessful" computerName="CHOL" duration="00:00:00.0848962" startTime="2025-06-11T11:20:04.1240475+07:00" endTime="2025-06-11T11:20:04.1240480+07:00" testType="13cdc9d9-ddb5-4fa4-a97d-d965ccfc6d4b" outcome="Passed" testListId="8c84fa94-04c1-424b-9868-57a2d4851a1d" relativeResultsDirectory="b7093944-0f01-4353-b937-470165bbd6d6" />
    <UnitTestResult executionId="5c6a1f60-9857-4e22-a464-fa22535658f6" testId="df461f12-7a98-323d-7da0-17838b0e5f74" testName="WebApiProject.Tests.ProductsControllerTests.DeleteProduct_ReturnsNoContent_WhenSuccessful" computerName="CHOL" duration="00:00:00.0041227" startTime="2025-06-11T11:20:04.1358686+07:00" endTime="2025-06-11T11:20:04.1358689+07:00" testType="13cdc9d9-ddb5-4fa4-a97d-d965ccfc6d4b" outcome="Passed" testListId="8c84fa94-04c1-424b-9868-57a2d4851a1d" relativeResultsDirectory="5c6a1f60-9857-4e22-a464-fa22535658f6" />
    <UnitTestResult executionId="29153ae0-419e-4af6-81f2-f29d68607448" testId="9d528502-e801-3f51-502d-821df4fd30af" testName="WebApiProject.Tests.ProductsControllerTests.GetProduct_ReturnsNotFound_WhenMissing" computerName="CHOL" duration="00:00:00.2570837" startTime="2025-06-11T11:20:04.0391212+07:00" endTime="2025-06-11T11:20:04.0391216+07:00" testType="13cdc9d9-ddb5-4fa4-a97d-d965ccfc6d4b" outcome="Passed" testListId="8c84fa94-04c1-424b-9868-57a2d4851a1d" relativeResultsDirectory="29153ae0-419e-4af6-81f2-f29d68607448" />
  </Results>
  <TestDefinitions>
    <UnitTest name="WebApiProject.Tests.HealthControllerTests.GetHealth_ReturnsOk" storage="d:\devops tools\dev\api-unittest\webapiproject.tests\bin\debug\net9.0\webapiproject.tests.dll" id="8bdc3dec-00f1-a8b2-b9c5-24f6df0a61e5">
      <Execution id="3c5a8ad5-f992-4abc-94f5-aac7c8f6b031" />
      <TestMethod codeBase="D:\Devops tools\Dev\api-unittest\WebApiProject.Tests\bin\Debug\net9.0\WebApiProject.Tests.dll" adapterTypeName="executor://xunit/VsTestRunner2/netcoreapp" className="WebApiProject.Tests.HealthControllerTests" name="GetHealth_ReturnsOk" />
    </UnitTest>
    <UnitTest name="WebApiProject.Tests.ProductsControllerTests.AddProduct_ReturnsCreatedProduct" storage="d:\devops tools\dev\api-unittest\webapiproject.tests\bin\debug\net9.0\webapiproject.tests.dll" id="a6ea916a-7c1e-9755-ac92-16c7aca19b4f">
      <Execution id="7573e02b-3ae2-4f2b-9b75-0dc91ac9a532" />
      <TestMethod codeBase="D:\Devops tools\Dev\api-unittest\WebApiProject.Tests\bin\Debug\net9.0\WebApiProject.Tests.dll" adapterTypeName="executor://xunit/VsTestRunner2/netcoreapp" className="WebApiProject.Tests.ProductsControllerTests" name="AddProduct_ReturnsCreatedProduct" />
    </UnitTest>
    <UnitTest name="WebApiProject.Tests.ProductsControllerTests.DeleteProduct_ReturnsNoContent_WhenSuccessful" storage="d:\devops tools\dev\api-unittest\webapiproject.tests\bin\debug\net9.0\webapiproject.tests.dll" id="df461f12-7a98-323d-7da0-17838b0e5f74">
      <Execution id="5c6a1f60-9857-4e22-a464-fa22535658f6" />
      <TestMethod codeBase="D:\Devops tools\Dev\api-unittest\WebApiProject.Tests\bin\Debug\net9.0\WebApiProject.Tests.dll" adapterTypeName="executor://xunit/VsTestRunner2/netcoreapp" className="WebApiProject.Tests.ProductsControllerTests" name="DeleteProduct_ReturnsNoContent_WhenSuccessful" />
    </UnitTest>
    <UnitTest name="WebApiProject.Tests.ProductsControllerTests.GetProduct_ReturnsProduct_WhenFound" storage="d:\devops tools\dev\api-unittest\webapiproject.tests\bin\debug\net9.0\webapiproject.tests.dll" id="b3fec758-35ae-e825-ceaa-ea2bf09593ce">
      <Execution id="4aff2ac2-f6fa-4601-8050-8f99268aee7b" />
      <TestMethod codeBase="D:\Devops tools\Dev\api-unittest\WebApiProject.Tests\bin\Debug\net9.0\WebApiProject.Tests.dll" adapterTypeName="executor://xunit/VsTestRunner2/netcoreapp" className="WebApiProject.Tests.ProductsControllerTests" name="GetProduct_ReturnsProduct_WhenFound" />
    </UnitTest>
    <UnitTest name="WebApiProject.Tests.ProductsControllerTests.GetProduct_ReturnsNotFound_WhenMissing" storage="d:\devops tools\dev\api-unittest\webapiproject.tests\bin\debug\net9.0\webapiproject.tests.dll" id="9d528502-e801-3f51-502d-821df4fd30af">
      <Execution id="29153ae0-419e-4af6-81f2-f29d68607448" />
      <TestMethod codeBase="D:\Devops tools\Dev\api-unittest\WebApiProject.Tests\bin\Debug\net9.0\WebApiProject.Tests.dll" adapterTypeName="executor://xunit/VsTestRunner2/netcoreapp" className="WebApiProject.Tests.ProductsControllerTests" name="GetProduct_ReturnsNotFound_WhenMissing" />
    </UnitTest>
    <UnitTest name="WebApiProject.Tests.ProductsControllerTests.UpdateProduct_ReturnsNoContent_WhenSuccessful" storage="d:\devops tools\dev\api-unittest\webapiproject.tests\bin\debug\net9.0\webapiproject.tests.dll" id="2286f8ef-0d2e-51cd-04b5-93c06bd5d697">
      <Execution id="b7093944-0f01-4353-b937-470165bbd6d6" />
      <TestMethod codeBase="D:\Devops tools\Dev\api-unittest\WebApiProject.Tests\bin\Debug\net9.0\WebApiProject.Tests.dll" adapterTypeName="executor://xunit/VsTestRunner2/netcoreapp" className="WebApiProject.Tests.ProductsControllerTests" name="UpdateProduct_ReturnsNoContent_WhenSuccessful" />
    </UnitTest>
  </TestDefinitions>
  <TestEntries>
    <TestEntry testId="a6ea916a-7c1e-9755-ac92-16c7aca19b4f" executionId="7573e02b-3ae2-4f2b-9b75-0dc91ac9a532" testListId="8c84fa94-04c1-424b-9868-57a2d4851a1d" />
    <TestEntry testId="8bdc3dec-00f1-a8b2-b9c5-24f6df0a61e5" executionId="3c5a8ad5-f992-4abc-94f5-aac7c8f6b031" testListId="8c84fa94-04c1-424b-9868-57a2d4851a1d" />
    <TestEntry testId="b3fec758-35ae-e825-ceaa-ea2bf09593ce" executionId="4aff2ac2-f6fa-4601-8050-8f99268aee7b" testListId="8c84fa94-04c1-424b-9868-57a2d4851a1d" />
    <TestEntry testId="2286f8ef-0d2e-51cd-04b5-93c06bd5d697" executionId="b7093944-0f01-4353-b937-470165bbd6d6" testListId="8c84fa94-04c1-424b-9868-57a2d4851a1d" />
    <TestEntry testId="df461f12-7a98-323d-7da0-17838b0e5f74" executionId="5c6a1f60-9857-4e22-a464-fa22535658f6" testListId="8c84fa94-04c1-424b-9868-57a2d4851a1d" />
    <TestEntry testId="9d528502-e801-3f51-502d-821df4fd30af" executionId="29153ae0-419e-4af6-81f2-f29d68607448" testListId="8c84fa94-04c1-424b-9868-57a2d4851a1d" />
  </TestEntries>
  <TestLists>
    <TestList name="Results Not in a List" id="8c84fa94-04c1-424b-9868-57a2d4851a1d" />
    <TestList name="All Loaded Results" id="19431567-8539-422a-85d7-44ee4e166bda" />
  </TestLists>
  <ResultSummary outcome="Completed">
    <Counters total="6" executed="6" passed="6" failed="0" error="0" timeout="0" aborted="0" inconclusive="0" passedButRunAborted="0" notRunnable="0" notExecuted="0" disconnected="0" warning="0" completed="0" inProgress="0" pending="0" />
    <Output>
      <StdOut>[xUnit.net 00:00:00.00] xUnit.net VSTest Adapter v2.4.5+1caef2f33e (64-bit .NET 9.0.6)&#xD;
[xUnit.net 00:00:06.14]   Discovering: WebApiProject.Tests&#xD;
[xUnit.net 00:00:06.15]   Discovered:  WebApiProject.Tests&#xD;
[xUnit.net 00:00:06.16]   Starting:    WebApiProject.Tests&#xD;
[xUnit.net 00:00:06.54]   Finished:    WebApiProject.Tests&#xD;
</StdOut>
    </Output>
  </ResultSummary>
</TestRun>